<?xml version="1.0" encoding="UTF-8"?>
<!-- Generated by org.testng.reporters.JUnitReportReporter -->
<testsuite hostname="LAPTOP-F019FNOJ" failures="0" tests="1" name="testCases.RegisterPageTestCases" time="7.069" errors="0" timestamp="2024-01-11T20:57:15 IST" skipped="0">
  <testcase classname="testCases.RegisterPageTestCases" name="testHapppyFlow" time="7.069"/>
</testsuite> <!-- testCases.RegisterPageTestCases -->
